<?xml version="1.0" encoding="UTF-8"?>
<!-- Generated by org.testng.reporters.JUnitXMLReporter -->
<testsuite ignored="1" hostname="Rohits-MacBook-Pro.local" failures="0" tests="2" name="Module1" time="0.02" errors="0" timestamp="2022-04-15T16:39:38 IST">
  <testcase classname="BasicTestNG" name="testMethod2" time="0.001"/>
  <testcase classname="ClassTwo" name="ClassTwoTest1" time="0.0"/>
  <testcase classname="BasicTestNG" name="testMethod1" time="0.0">
    <ignored/>
  </testcase> <!-- testMethod1 -->
</testsuite> <!-- Module1 -->
