<?xml version="1.0" encoding="UTF-8"?>
<!-- Generated by org.testng.reporters.JUnitXMLReporter -->
<testsuite ignored="1" hostname="Rohits-MacBook-Pro.local" failures="0" tests="12" name="Command line test" time="0.014" errors="0" timestamp="2022-04-18T18:34:42 IST">
  <testcase classname="AlphabaticalOrderOfExecutionOfTest" name="A" time="0.001"/>
  <testcase classname="AlphabaticalOrderOfExecutionOfTest" name="C" time="0.001"/>
  <testcase classname="AlphabaticalOrderOfExecutionOfTest" name="R" time="0.0"/>
  <testcase classname="AlphabaticalOrderOfExecutionOfTest" name="a" time="0.0"/>
  <testcase classname="AlphabaticalOrderOfExecutionOfTest" name="b" time="0.0"/>
  <testcase classname="ToSkipATest" name="A" time="0.0"/>
  <testcase classname="ToSkipATest" name="C" time="0.001"/>
  <testcase classname="TestngAnnotation2" name="TestngAnnotation2Method1" time="0.0"/>
  <testcase classname="TestngAnnotation2" name="TestngAnnotation2Method2" time="0.0"/>
  <testcase classname="TestngAnnotation1" name="TestngAnnotation1Method1" time="0.0"/>
  <testcase classname="TestngAnnotation1" name="TestngAnnotation1Method2" time="0.0"/>
  <testcase classname="TestngAnnotation3" name="TestngAnnotation3method1" time="0.0"/>
  <testcase classname="ToSkipATest" name="B" time="0.0">
    <ignored/>
  </testcase> <!-- B -->
</testsuite> <!-- Command line test -->
