<?xml version="1.0" encoding="UTF-8"?>
<testng-results ignored="0" total="1" passed="1" failed="0" skipped="0">
  <reporter-output>
  </reporter-output>
  <suite started-at="2022-04-18T19:20:12 IST" name="Surefire suite" finished-at="2022-04-18T19:20:13 IST" duration-ms="13">
    <groups>
    </groups>
    <test started-at="2022-04-18T19:20:12 IST" name="Surefire test" finished-at="2022-04-18T19:20:13 IST" duration-ms="13">
      <class name="ClassTwo">
        <test-method signature="ClassTwoTest1()[pri:0, instance:ClassTwo@59717824]" started-at="2022-04-18T19:20:13 IST" name="ClassTwoTest1" finished-at="2022-04-18T19:20:13 IST" duration-ms="2" status="PASS">
          <reporter-output>
          </reporter-output>
        </test-method> <!-- ClassTwoTest1 -->
      </class> <!-- ClassTwo -->
    </test> <!-- Surefire test -->
  </suite> <!-- Surefire suite -->
</testng-results>
