<?xml version="1.0" encoding="UTF-8"?>
<testng-results ignored="0" total="2" passed="2" failed="0" skipped="0">
  <reporter-output>
  </reporter-output>
  <suite started-at="2022-04-20T13:45:24 IST" name="suite" finished-at="2022-04-20T13:45:24 IST" duration-ms="13">
    <groups>
    </groups>
    <test started-at="2022-04-20T13:45:24 IST" name="Module1" finished-at="2022-04-20T13:45:24 IST" duration-ms="13">
      <class name="BasicTestNG">
        <test-method signature="testMethod1()[pri:0, instance:BasicTestNG@3a079870]" started-at="2022-04-20T13:45:24 IST" name="testMethod1" finished-at="2022-04-20T13:45:24 IST" duration-ms="2" status="PASS">
          <reporter-output>
          </reporter-output>
        </test-method> <!-- testMethod1 -->
        <test-method signature="testMethod2()[pri:0, instance:BasicTestNG@3a079870]" started-at="2022-04-20T13:45:24 IST" name="testMethod2" finished-at="2022-04-20T13:45:24 IST" duration-ms="0" status="PASS">
          <reporter-output>
          </reporter-output>
        </test-method> <!-- testMethod2 -->
      </class> <!-- BasicTestNG -->
    </test> <!-- Module1 -->
  </suite> <!-- suite -->
</testng-results>
